<?xml version="1.0" encoding="UTF-8"?>
<!-- Generated by org.testng.reporters.JUnitReportReporter -->
<testsuite hostname="AMIT_PC" failures="0" tests="7" name="tests.user.PostTests" time="15.677" errors="0" timestamp="2024-11-10T19:10:58 IST" skipped="0">
  <testcase classname="tests.user.PostTests" name="PostUserTestMethod1" time="2.582"/>
  <testcase classname="tests.user.PostTests" name="PostUserTestMethod2" time="1.509"/>
  <testcase classname="tests.user.PostTests" name="PostUserTestMethod3" time="2.388"/>
  <testcase classname="tests.user.PostTests" name="PostUserTestMethod4" time="2.257"/>
  <testcase classname="tests.user.PostTests" name="PostUserTestMethod5" time="2.184"/>
  <testcase classname="tests.user.PostTests" name="PostUserTestMethod6" time="2.224"/>
  <testcase classname="tests.user.PostTests" name="PostUserTestMethod7" time="2.533"/>
</testsuite> <!-- tests.user.PostTests -->
