<?xml version="1.0" encoding="UTF-8"?>
<!-- Generated by org.testng.reporters.JUnitReportReporter -->
<testsuite hostname="AMIT_PC" failures="0" tests="7" name="tests.user.PutTests" time="44.407" errors="0" timestamp="2024-11-10T19:10:58 IST" skipped="0">
  <testcase classname="tests.user.PutTests" name="PutUserTestMethod1" time="7.921"/>
  <testcase classname="tests.user.PutTests" name="PutUserTestMethod2" time="4.668"/>
  <testcase classname="tests.user.PutTests" name="PutUserTestMethod3" time="5.658"/>
  <testcase classname="tests.user.PutTests" name="PutUserTestMethod4" time="3.916"/>
  <testcase classname="tests.user.PutTests" name="PutUserTestMethod5" time="10.585"/>
  <testcase classname="tests.user.PutTests" name="PutUserTestMethod6" time="7.158"/>
  <testcase classname="tests.user.PutTests" name="PutUserTestMethod7" time="4.501"/>
</testsuite> <!-- tests.user.PutTests -->
