<?xml version="1.0" encoding="UTF-8"?>
<!-- Generated by org.testng.reporters.JUnitReportReporter -->
<testsuite hostname="AMIT_PC" failures="0" tests="7" name="tests.user.GetTests" time="36.209" errors="0" timestamp="2024-11-10T18:26:17 IST" skipped="0">
  <testcase classname="tests.user.GetTests" name="GetUserTestMethod1" time="9.009"/>
  <testcase classname="tests.user.GetTests" name="GetUserTestMethod2" time="6.107"/>
  <testcase classname="tests.user.GetTests" name="GetUserTestMethod3" time="2.417"/>
  <testcase classname="tests.user.GetTests" name="GetUserTestMethod4" time="2.937"/>
  <testcase classname="tests.user.GetTests" name="GetUserTestMethod5" time="4.196"/>
  <testcase classname="tests.user.GetTests" name="GetUserTestMethod6" time="4.489"/>
  <testcase classname="tests.user.GetTests" name="GetUserTestMethod7" time="7.054"/>
</testsuite> <!-- tests.user.GetTests -->
